# JRE version: OpenJDK Runtime Environment JBR-17.0.14+1-1367.22-nomod (17.0.14+1) (build 17.0.14+1-b1367.22)
# Java VM: OpenJDK 64-Bit Server VM JBR-17.0.14+1-1367.22-nomod (17.0.14+1-b1367.22, mixed mode, emulated-client, sharing, tiered, compressed oops, compressed class ptrs, g1 gc, windows-amd64)
GC Precious Log:
 CPUs: 8 total, 8 available
 Memory: 8058M
 Large Page Support: Disabled
 NUMA Support: Disabled
 Compressed Oops: Enabled (32-bit)
 Heap Region Size: 1M
 Heap Min Capacity: 8M
 Heap Initial Capacity: 126M
 Heap Max Capacity: 2016M
 Pre-touch: Disabled
 Parallel Workers: 8
 Concurrent Workers: 2
 Concurrent Refinement Workers: 8
 Periodic GC: Disabled
Heap:
 garbage-first heap   total 179200K, used 79402K [0x0000000082000000, 0x0000000100000000)
  region size 1024K, 3 young (3072K), 3 survivors (3072K)
 Metaspace       used 77665K, committed 78400K, reserved 1179648K
  class space    used 11201K, committed 11520K, reserved 1048576K
GC Heap History (20 events):
Event: 11.657 GC heap after
{Heap after GC invocations=27 (full 0):
 garbage-first heap   total 136192K, used 55853K [0x0000000082000000, 0x0000000100000000)
  region size 1024K, 9 young (9216K), 9 survivors (9216K)
 Metaspace       used 68422K, committed 69056K, reserved 1114112K
  class space    used 9880K, committed 10176K, reserved 1048576K
}
Event: 12.427 GC heap before
{Heap before GC invocations=27 (full 0):
 garbage-first heap   total 136192K, used 112173K [0x0000000082000000, 0x0000000100000000)
  region size 1024K, 64 young (65536K), 9 survivors (9216K)
 Metaspace       used 72163K, committed 72768K, reserved 1114112K
  class space    used 10661K, committed 10944K, reserved 1048576K
}
Event: 12.440 GC heap after
{Heap after GC invocations=28 (full 0):
 garbage-first heap   total 136192K, used 59532K [0x0000000082000000, 0x0000000100000000)
  region size 1024K, 4 young (4096K), 4 survivors (4096K)
 Metaspace       used 72163K, committed 72768K, reserved 1114112K
  class space    used 10661K, committed 10944K, reserved 1048576K
}
Event: 13.029 GC heap before
{Heap before GC invocations=28 (full 0):
 garbage-first heap   total 136192K, used 112780K [0x0000000082000000, 0x0000000100000000)
  region size 1024K, 56 young (57344K), 4 survivors (4096K)
 Metaspace       used 74339K, committed 75008K, reserved 1114112K
  class space    used 10928K, committed 11264K, reserved 1048576K
}
Event: 13.040 GC heap after
{Heap after GC invocations=29 (full 0):
 garbage-first heap   total 136192K, used 65615K [0x0000000082000000, 0x0000000100000000)
  region size 1024K, 7 young (7168K), 7 survivors (7168K)
 Metaspace       used 74339K, committed 75008K, reserved 1114112K
  class space    used 10928K, committed 11264K, reserved 1048576K
}
Event: 13.209 GC heap before
{Heap before GC invocations=29 (full 0):
 garbage-first heap   total 136192K, used 109647K [0x0000000082000000, 0x0000000100000000)
  region size 1024K, 50 young (51200K), 7 survivors (7168K)
 Metaspace       used 74339K, committed 75008K, reserved 1114112K
  class space    used 10928K, committed 11264K, reserved 1048576K
}
Event: 13.226 GC heap after
{Heap after GC invocations=30 (full 0):
 garbage-first heap   total 136192K, used 75559K [0x0000000082000000, 0x0000000100000000)
  region size 1024K, 7 young (7168K), 7 survivors (7168K)
 Metaspace       used 74339K, committed 75008K, reserved 1114112K
  class space    used 10928K, committed 11264K, reserved 1048576K
}
Event: 13.369 GC heap before
{Heap before GC invocations=30 (full 0):
 garbage-first heap   total 136192K, used 105255K [0x0000000082000000, 0x0000000100000000)
  region size 1024K, 36 young (36864K), 7 survivors (7168K)
 Metaspace       used 74379K, committed 75072K, reserved 1114112K
  class space    used 10933K, committed 11264K, reserved 1048576K
}
Event: 13.385 GC heap after
{Heap after GC invocations=31 (full 0):
 garbage-first heap   total 179200K, used 83908K [0x0000000082000000, 0x0000000100000000)
  region size 1024K, 5 young (5120K), 5 survivors (5120K)
 Metaspace       used 74379K, committed 75072K, reserved 1114112K
  class space    used 10933K, committed 11264K, reserved 1048576K
}
Event: 14.170 GC heap before
{Heap before GC invocations=32 (full 0):
 garbage-first heap   total 179200K, used 132036K [0x0000000082000000, 0x0000000100000000)
  region size 1024K, 52 young (53248K), 5 survivors (5120K)
 Metaspace       used 75461K, committed 76160K, reserved 1179648K
  class space    used 11065K, committed 11392K, reserved 1048576K
}
Event: 14.184 GC heap after
{Heap after GC invocations=33 (full 0):
 garbage-first heap   total 179200K, used 88678K [0x0000000082000000, 0x0000000100000000)
  region size 1024K, 4 young (4096K), 4 survivors (4096K)
 Metaspace       used 75461K, committed 76160K, reserved 1179648K
  class space    used 11065K, committed 11392K, reserved 1048576K
}
Event: 14.243 GC heap before
{Heap before GC invocations=33 (full 0):
 garbage-first heap   total 179200K, used 92774K [0x0000000082000000, 0x0000000100000000)
  region size 1024K, 8 young (8192K), 4 survivors (4096K)
 Metaspace       used 75548K, committed 76224K, reserved 1179648K
  class space    used 11071K, committed 11392K, reserved 1048576K
}
Event: 14.250 GC heap after
{Heap after GC invocations=34 (full 0):
 garbage-first heap   total 179200K, used 88688K [0x0000000082000000, 0x0000000100000000)
  region size 1024K, 1 young (1024K), 1 survivors (1024K)
 Metaspace       used 75548K, committed 76224K, reserved 1179648K
  class space    used 11071K, committed 11392K, reserved 1048576K
}
Event: 14.795 GC heap before
{Heap before GC invocations=34 (full 0):
 garbage-first heap   total 179200K, used 135792K [0x0000000082000000, 0x0000000100000000)
  region size 1024K, 47 young (48128K), 1 survivors (1024K)
 Metaspace       used 76200K, committed 76928K, reserved 1179648K
  class space    used 11115K, committed 11456K, reserved 1048576K
}
Event: 14.800 GC heap after
{Heap after GC invocations=35 (full 0):
 garbage-first heap   total 179200K, used 90790K [0x0000000082000000, 0x0000000100000000)
  region size 1024K, 3 young (3072K), 3 survivors (3072K)
 Metaspace       used 76200K, committed 76928K, reserved 1179648K
  class space    used 11115K, committed 11456K, reserved 1048576K
}
Event: 15.414 GC heap before
{Heap before GC invocations=36 (full 0):
 garbage-first heap   total 179200K, used 135846K [0x0000000082000000, 0x0000000100000000)
  region size 1024K, 50 young (51200K), 3 survivors (3072K)
 Metaspace       used 77180K, committed 77824K, reserved 1179648K
  class space    used 11173K, committed 11456K, reserved 1048576K
}
Event: 15.422 GC heap after
{Heap after GC invocations=37 (full 0):
 garbage-first heap   total 179200K, used 90955K [0x0000000082000000, 0x0000000100000000)
  region size 1024K, 6 young (6144K), 6 survivors (6144K)
 Metaspace       used 77180K, committed 77824K, reserved 1179648K
  class space    used 11173K, committed 11456K, reserved 1048576K
}
Event: 15.442 GC heap before
{Heap before GC invocations=37 (full 0):
 garbage-first heap   total 179200K, used 93003K [0x0000000082000000, 0x0000000100000000)
  region size 1024K, 8 young (8192K), 6 survivors (6144K)
 Metaspace       used 77180K, committed 77824K, reserved 1179648K
  class space    used 11173K, committed 11456K, reserved 1048576K
}
Event: 15.450 GC heap after
{Heap after GC invocations=38 (full 0):
 garbage-first heap   total 179200K, used 77603K [0x0000000082000000, 0x0000000100000000)
  region size 1024K, 1 young (1024K), 1 survivors (1024K)
 Metaspace       used 77180K, committed 77824K, reserved 1179648K
  class space    used 11173K, committed 11456K, reserved 1048576K
}
Event: 15.923 GC heap before
{Heap before GC invocations=38 (full 0):
 garbage-first heap   total 179200K, used 136995K [0x0000000082000000, 0x0000000100000000)
  region size 1024K, 59 young (60416K), 1 survivors (1024K)
 Metaspace       used 77665K, committed 78400K, reserved 1179648K
  class space    used 11201K, committed 11520K, reserved 1048576K
}

