# JRE version: OpenJDK Runtime Environment JBR-17.0.14+1-1367.22-nomod (17.0.14+1) (build 17.0.14+1-b1367.22)
# Java VM: OpenJDK 64-Bit Server VM JBR-17.0.14+1-1367.22-nomod (17.0.14+1-b1367.22, mixed mode, emulated-client, sharing, tiered, compressed oops, compressed class ptrs, g1 gc, windows-amd64)
GC Precious Log:
 CPUs: 8 total, 8 available
 Memory: 8058M
 Large Page Support: Disabled
 NUMA Support: Disabled
 Compressed Oops: Enabled (32-bit)
 Heap Region Size: 1M
 Heap Min Capacity: 8M
 Heap Initial Capacity: 126M
 Heap Max Capacity: 2016M
 Pre-touch: Disabled
 Parallel Workers: 8
 Concurrent Workers: 2
 Concurrent Refinement Workers: 8
 Periodic GC: Disabled
Heap:
 garbage-first heap   total 211968K, used 96938K [0x0000000082000000, 0x0000000100000000)
  region size 1024K, 9 young (9216K), 9 survivors (9216K)
 Metaspace       used 80933K, committed 81664K, reserved 1179648K
  class space    used 11627K, committed 11968K, reserved 1048576K
GC Heap History (20 events):
Event: 10.459 GC heap after
{Heap after GC invocations=24 (full 0):
 garbage-first heap   total 129024K, used 49793K [0x0000000082000000, 0x0000000100000000)
  region size 1024K, 7 young (7168K), 7 survivors (7168K)
 Metaspace       used 64105K, committed 64704K, reserved 1114112K
  class space    used 9286K, committed 9600K, reserved 1048576K
}
Event: 12.979 GC heap before
{Heap before GC invocations=24 (full 0):
 garbage-first heap   total 129024K, used 107137K [0x0000000082000000, 0x0000000100000000)
  region size 1024K, 63 young (64512K), 7 survivors (7168K)
 Metaspace       used 67494K, committed 68160K, reserved 1114112K
  class space    used 9746K, committed 10048K, reserved 1048576K
}
Event: 13.001 GC heap after
{Heap after GC invocations=25 (full 0):
 garbage-first heap   total 129024K, used 54564K [0x0000000082000000, 0x0000000100000000)
  region size 1024K, 8 young (8192K), 8 survivors (8192K)
 Metaspace       used 67494K, committed 68160K, reserved 1114112K
  class space    used 9746K, committed 10048K, reserved 1048576K
}
Event: 13.512 GC heap before
{Heap before GC invocations=25 (full 0):
 garbage-first heap   total 129024K, used 106788K [0x0000000082000000, 0x0000000100000000)
  region size 1024K, 59 young (60416K), 8 survivors (8192K)
 Metaspace       used 70908K, committed 71616K, reserved 1114112K
  class space    used 10478K, committed 10816K, reserved 1048576K
}
Event: 13.534 GC heap after
{Heap after GC invocations=26 (full 0):
 garbage-first heap   total 129024K, used 58807K [0x0000000082000000, 0x0000000100000000)
  region size 1024K, 4 young (4096K), 4 survivors (4096K)
 Metaspace       used 70908K, committed 71616K, reserved 1114112K
  class space    used 10478K, committed 10816K, reserved 1048576K
}
Event: 14.087 GC heap before
{Heap before GC invocations=26 (full 0):
 garbage-first heap   total 129024K, used 105911K [0x0000000082000000, 0x0000000100000000)
  region size 1024K, 51 young (52224K), 4 survivors (4096K)
 Metaspace       used 74375K, committed 75072K, reserved 1114112K
  class space    used 10940K, committed 11264K, reserved 1048576K
}
Event: 14.092 GC heap after
{Heap after GC invocations=27 (full 0):
 garbage-first heap   total 129024K, used 60855K [0x0000000082000000, 0x0000000100000000)
  region size 1024K, 6 young (6144K), 6 survivors (6144K)
 Metaspace       used 74375K, committed 75072K, reserved 1114112K
  class space    used 10940K, committed 11264K, reserved 1048576K
}
Event: 14.188 GC heap before
{Heap before GC invocations=27 (full 0):
 garbage-first heap   total 129024K, used 106935K [0x0000000082000000, 0x0000000100000000)
  region size 1024K, 51 young (52224K), 6 survivors (6144K)
 Metaspace       used 74375K, committed 75072K, reserved 1114112K
  class space    used 10940K, committed 11264K, reserved 1048576K
}
Event: 14.206 GC heap after
{Heap after GC invocations=28 (full 0):
 garbage-first heap   total 129024K, used 66892K [0x0000000082000000, 0x0000000100000000)
  region size 1024K, 7 young (7168K), 7 survivors (7168K)
 Metaspace       used 74375K, committed 75072K, reserved 1114112K
  class space    used 10940K, committed 11264K, reserved 1048576K
}
Event: 14.277 GC heap before
{Heap before GC invocations=28 (full 0):
 garbage-first heap   total 129024K, used 103756K [0x0000000082000000, 0x0000000100000000)
  region size 1024K, 43 young (44032K), 7 survivors (7168K)
 Metaspace       used 74375K, committed 75072K, reserved 1114112K
  class space    used 10940K, committed 11264K, reserved 1048576K
}
Event: 14.302 GC heap after
{Heap after GC invocations=29 (full 0):
 garbage-first heap   total 211968K, used 78178K [0x0000000082000000, 0x0000000100000000)
  region size 1024K, 6 young (6144K), 6 survivors (6144K)
 Metaspace       used 74375K, committed 75072K, reserved 1114112K
  class space    used 10940K, committed 11264K, reserved 1048576K
}
Event: 15.017 GC heap before
{Heap before GC invocations=30 (full 0):
 garbage-first heap   total 211968K, used 149858K [0x0000000082000000, 0x0000000100000000)
  region size 1024K, 76 young (77824K), 6 survivors (6144K)
 Metaspace       used 75583K, committed 76288K, reserved 1114112K
  class space    used 11086K, committed 11392K, reserved 1048576K
}
Event: 15.039 GC heap after
{Heap after GC invocations=31 (full 0):
 garbage-first heap   total 211968K, used 83968K [0x0000000082000000, 0x0000000100000000)
  region size 1024K, 5 young (5120K), 5 survivors (5120K)
 Metaspace       used 75583K, committed 76288K, reserved 1114112K
  class space    used 11086K, committed 11392K, reserved 1048576K
}
Event: 15.101 GC heap before
{Heap before GC invocations=31 (full 0):
 garbage-first heap   total 211968K, used 89088K [0x0000000082000000, 0x0000000100000000)
  region size 1024K, 10 young (10240K), 5 survivors (5120K)
 Metaspace       used 75730K, committed 76416K, reserved 1179648K
  class space    used 11094K, committed 11392K, reserved 1048576K
}
Event: 15.111 GC heap after
{Heap after GC invocations=32 (full 0):
 garbage-first heap   total 211968K, used 84132K [0x0000000082000000, 0x0000000100000000)
  region size 1024K, 1 young (1024K), 1 survivors (1024K)
 Metaspace       used 75730K, committed 76416K, reserved 1179648K
  class space    used 11094K, committed 11392K, reserved 1048576K
}
Event: 15.709 GC heap before
{Heap before GC invocations=32 (full 0):
 garbage-first heap   total 211968K, used 155812K [0x0000000082000000, 0x0000000100000000)
  region size 1024K, 71 young (72704K), 1 survivors (1024K)
 Metaspace       used 77081K, committed 77824K, reserved 1179648K
  class space    used 11182K, committed 11520K, reserved 1048576K
}
Event: 15.723 GC heap after
{Heap after GC invocations=33 (full 0):
 garbage-first heap   total 211968K, used 88030K [0x0000000082000000, 0x0000000100000000)
  region size 1024K, 5 young (5120K), 5 survivors (5120K)
 Metaspace       used 77081K, committed 77824K, reserved 1179648K
  class space    used 11182K, committed 11520K, reserved 1048576K
}
Event: 16.251 GC heap before
{Heap before GC invocations=33 (full 0):
 garbage-first heap   total 211968K, used 159710K [0x0000000082000000, 0x0000000100000000)
  region size 1024K, 75 young (76800K), 5 survivors (5120K)
 Metaspace       used 77763K, committed 78464K, reserved 1179648K
  class space    used 11221K, committed 11520K, reserved 1048576K
}
Event: 16.260 GC heap after
{Heap after GC invocations=34 (full 0):
 garbage-first heap   total 211968K, used 91705K [0x0000000082000000, 0x0000000100000000)
  region size 1024K, 9 young (9216K), 9 survivors (9216K)
 Metaspace       used 77763K, committed 78464K, reserved 1179648K
  class space    used 11221K, committed 11520K, reserved 1048576K
}
Event: 17.127 GC heap before
{Heap before GC invocations=34 (full 0):
 garbage-first heap   total 211968K, used 164409K [0x0000000082000000, 0x0000000100000000)
  region size 1024K, 80 young (81920K), 9 survivors (9216K)
 Metaspace       used 80933K, committed 81664K, reserved 1179648K
  class space    used 11627K, committed 11968K, reserved 1048576K
}

