# JRE version: OpenJDK Runtime Environment JBR-17.0.14+1-1367.22-nomod (17.0.14+1) (build 17.0.14+1-b1367.22)
# Java VM: OpenJDK 64-Bit Server VM JBR-17.0.14+1-1367.22-nomod (17.0.14+1-b1367.22, mixed mode, emulated-client, sharing, tiered, compressed oops, compressed class ptrs, g1 gc, windows-amd64)
GC Precious Log:
 CPUs: 8 total, 8 available
 Memory: 8058M
 Large Page Support: Disabled
 NUMA Support: Disabled
 Compressed Oops: Enabled (32-bit)
 Heap Region Size: 1M
 Heap Min Capacity: 8M
 Heap Initial Capacity: 126M
 Heap Max Capacity: 2016M
 Pre-touch: Disabled
 Parallel Workers: 8
 Concurrent Workers: 2
 Concurrent Refinement Workers: 8
 Periodic GC: Disabled
Heap:
 garbage-first heap   total 183296K, used 87128K [0x0000000082000000, 0x0000000100000000)
  region size 1024K, 4 young (4096K), 4 survivors (4096K)
 Metaspace       used 76236K, committed 76992K, reserved 1179648K
  class space    used 11122K, committed 11456K, reserved 1048576K
GC Heap History (20 events):
Event: 7.303 GC heap after
{Heap after GC invocations=19 (full 0):
 garbage-first heap   total 152576K, used 46138K [0x0000000082000000, 0x0000000100000000)
  region size 1024K, 7 young (7168K), 7 survivors (7168K)
 Metaspace       used 59655K, committed 60224K, reserved 1114112K
  class space    used 8607K, committed 8896K, reserved 1048576K
}
Event: 7.740 GC heap before
{Heap before GC invocations=19 (full 0):
 garbage-first heap   total 152576K, used 120890K [0x0000000082000000, 0x0000000100000000)
  region size 1024K, 80 young (81920K), 7 survivors (7168K)
 Metaspace       used 60172K, committed 60736K, reserved 1114112K
  class space    used 8660K, committed 8960K, reserved 1048576K
}
Event: 7.747 GC heap after
{Heap after GC invocations=20 (full 0):
 garbage-first heap   total 152576K, used 47130K [0x0000000082000000, 0x0000000100000000)
  region size 1024K, 3 young (3072K), 3 survivors (3072K)
 Metaspace       used 60172K, committed 60736K, reserved 1114112K
  class space    used 8660K, committed 8960K, reserved 1048576K
}
Event: 8.196 GC heap before
{Heap before GC invocations=20 (full 0):
 garbage-first heap   total 152576K, used 123930K [0x0000000082000000, 0x0000000100000000)
  region size 1024K, 78 young (79872K), 3 survivors (3072K)
 Metaspace       used 60721K, committed 61312K, reserved 1114112K
  class space    used 8715K, committed 9024K, reserved 1048576K
}
Event: 8.207 GC heap after
{Heap after GC invocations=21 (full 0):
 garbage-first heap   total 152576K, used 47783K [0x0000000082000000, 0x0000000100000000)
  region size 1024K, 4 young (4096K), 4 survivors (4096K)
 Metaspace       used 60721K, committed 61312K, reserved 1114112K
  class space    used 8715K, committed 9024K, reserved 1048576K
}
Event: 10.499 GC heap before
{Heap before GC invocations=21 (full 0):
 garbage-first heap   total 152576K, used 125607K [0x0000000082000000, 0x0000000100000000)
  region size 1024K, 80 young (81920K), 4 survivors (4096K)
 Metaspace       used 65978K, committed 66624K, reserved 1114112K
  class space    used 9497K, committed 9792K, reserved 1048576K
}
Event: 10.506 GC heap after
{Heap after GC invocations=22 (full 0):
 garbage-first heap   total 183296K, used 53851K [0x0000000082000000, 0x0000000100000000)
  region size 1024K, 10 young (10240K), 10 survivors (10240K)
 Metaspace       used 65978K, committed 66624K, reserved 1114112K
  class space    used 9497K, committed 9792K, reserved 1048576K
}
Event: 10.583 GC heap before
{Heap before GC invocations=22 (full 0):
 garbage-first heap   total 183296K, used 59995K [0x0000000082000000, 0x0000000100000000)
  region size 1024K, 17 young (17408K), 10 survivors (10240K)
 Metaspace       used 67036K, committed 67648K, reserved 1114112K
  class space    used 9606K, committed 9920K, reserved 1048576K
}
Event: 10.603 GC heap after
{Heap after GC invocations=23 (full 0):
 garbage-first heap   total 183296K, used 54790K [0x0000000082000000, 0x0000000100000000)
  region size 1024K, 8 young (8192K), 8 survivors (8192K)
 Metaspace       used 67036K, committed 67648K, reserved 1114112K
  class space    used 9606K, committed 9920K, reserved 1048576K
}
Event: 11.385 GC heap before
{Heap before GC invocations=24 (full 0):
 garbage-first heap   total 183296K, used 148998K [0x0000000082000000, 0x0000000100000000)
  region size 1024K, 101 young (103424K), 8 survivors (8192K)
 Metaspace       used 73508K, committed 74176K, reserved 1114112K
  class space    used 10855K, committed 11136K, reserved 1048576K
}
Event: 11.406 GC heap after
{Heap after GC invocations=25 (full 0):
 garbage-first heap   total 183296K, used 60631K [0x0000000082000000, 0x0000000100000000)
  region size 1024K, 7 young (7168K), 7 survivors (7168K)
 Metaspace       used 73508K, committed 74176K, reserved 1114112K
  class space    used 10855K, committed 11136K, reserved 1048576K
}
Event: 11.413 GC heap before
{Heap before GC invocations=25 (full 0):
 garbage-first heap   total 183296K, used 61655K [0x0000000082000000, 0x0000000100000000)
  region size 1024K, 8 young (8192K), 7 survivors (7168K)
 Metaspace       used 73511K, committed 74176K, reserved 1114112K
  class space    used 10855K, committed 11136K, reserved 1048576K
}
Event: 11.419 GC heap after
{Heap after GC invocations=26 (full 0):
 garbage-first heap   total 183296K, used 60934K [0x0000000082000000, 0x0000000100000000)
  region size 1024K, 1 young (1024K), 1 survivors (1024K)
 Metaspace       used 73511K, committed 74176K, reserved 1114112K
  class space    used 10855K, committed 11136K, reserved 1048576K
}
Event: 11.773 GC heap before
{Heap before GC invocations=26 (full 0):
 garbage-first heap   total 183296K, used 147974K [0x0000000082000000, 0x0000000100000000)
  region size 1024K, 86 young (88064K), 1 survivors (1024K)
 Metaspace       used 74196K, committed 74880K, reserved 1114112K
  class space    used 10927K, committed 11264K, reserved 1048576K
}
Event: 11.797 GC heap after
{Heap after GC invocations=27 (full 0):
 garbage-first heap   total 183296K, used 75691K [0x0000000082000000, 0x0000000100000000)
  region size 1024K, 11 young (11264K), 11 survivors (11264K)
 Metaspace       used 74196K, committed 74880K, reserved 1114112K
  class space    used 10927K, committed 11264K, reserved 1048576K
}
Event: 12.353 GC heap before
{Heap before GC invocations=28 (full 0):
 garbage-first heap   total 183296K, used 143275K [0x0000000082000000, 0x0000000100000000)
  region size 1024K, 77 young (78848K), 11 survivors (11264K)
 Metaspace       used 75420K, committed 76160K, reserved 1179648K
  class space    used 11069K, committed 11392K, reserved 1048576K
}
Event: 12.376 GC heap after
{Heap after GC invocations=29 (full 0):
 garbage-first heap   total 183296K, used 84183K [0x0000000082000000, 0x0000000100000000)
  region size 1024K, 9 young (9216K), 9 survivors (9216K)
 Metaspace       used 75420K, committed 76160K, reserved 1179648K
  class space    used 11069K, committed 11392K, reserved 1048576K
}
Event: 12.385 GC heap before
{Heap before GC invocations=29 (full 0):
 garbage-first heap   total 183296K, used 85207K [0x0000000082000000, 0x0000000100000000)
  region size 1024K, 10 young (10240K), 9 survivors (9216K)
 Metaspace       used 75426K, committed 76160K, reserved 1179648K
  class space    used 11070K, committed 11392K, reserved 1048576K
}
Event: 12.397 GC heap after
{Heap after GC invocations=30 (full 0):
 garbage-first heap   total 183296K, used 85244K [0x0000000082000000, 0x0000000100000000)
  region size 1024K, 2 young (2048K), 2 survivors (2048K)
 Metaspace       used 75426K, committed 76160K, reserved 1179648K
  class space    used 11070K, committed 11392K, reserved 1048576K
}
Event: 12.786 GC heap before
{Heap before GC invocations=30 (full 0):
 garbage-first heap   total 183296K, used 144636K [0x0000000082000000, 0x0000000100000000)
  region size 1024K, 60 young (61440K), 2 survivors (2048K)
 Metaspace       used 76236K, committed 76992K, reserved 1179648K
  class space    used 11122K, committed 11456K, reserved 1048576K
}

