# JRE version: OpenJDK Runtime Environment JBR-17.0.14+1-1367.22-nomod (17.0.14+1) (build 17.0.14+1-b1367.22)
# Java VM: OpenJDK 64-Bit Server VM JBR-17.0.14+1-1367.22-nomod (17.0.14+1-b1367.22, mixed mode, emulated-client, sharing, tiered, compressed oops, compressed class ptrs, g1 gc, windows-amd64)
GC Precious Log:
 CPUs: 8 total, 8 available
 Memory: 8058M
 Large Page Support: Disabled
 NUMA Support: Disabled
 Compressed Oops: Enabled (32-bit)
 Heap Region Size: 1M
 Heap Min Capacity: 8M
 Heap Initial Capacity: 126M
 Heap Max Capacity: 2016M
 Pre-touch: Disabled
 Parallel Workers: 8
 Concurrent Workers: 2
 Concurrent Refinement Workers: 8
 Periodic GC: Disabled
Heap:
 garbage-first heap   total 145408K, used 82971K [0x0000000082000000, 0x0000000100000000)
  region size 1024K, 3 young (3072K), 3 survivors (3072K)
 Metaspace       used 75492K, committed 76224K, reserved 1179648K
  class space    used 11065K, committed 11392K, reserved 1048576K
GC Heap History (20 events):
Event: 7.397 GC heap after
{Heap after GC invocations=20 (full 0):
 garbage-first heap   total 120832K, used 45971K [0x0000000082000000, 0x0000000100000000)
  region size 1024K, 3 young (3072K), 3 survivors (3072K)
 Metaspace       used 59891K, committed 60480K, reserved 1114112K
  class space    used 8630K, committed 8960K, reserved 1048576K
}
Event: 7.406 GC heap before
{Heap before GC invocations=20 (full 0):
 garbage-first heap   total 120832K, used 48019K [0x0000000082000000, 0x0000000100000000)
  region size 1024K, 6 young (6144K), 3 survivors (3072K)
 Metaspace       used 59897K, committed 60480K, reserved 1114112K
  class space    used 8630K, committed 8960K, reserved 1048576K
}
Event: 7.408 GC heap after
{Heap after GC invocations=21 (full 0):
 garbage-first heap   total 120832K, used 45751K [0x0000000082000000, 0x0000000100000000)
  region size 1024K, 3 young (3072K), 3 survivors (3072K)
 Metaspace       used 59897K, committed 60480K, reserved 1114112K
  class space    used 8630K, committed 8960K, reserved 1048576K
}
Event: 7.746 GC heap before
{Heap before GC invocations=22 (full 0):
 garbage-first heap   total 120832K, used 100023K [0x0000000082000000, 0x0000000100000000)
  region size 1024K, 56 young (57344K), 3 survivors (3072K)
 Metaspace       used 60295K, committed 60864K, reserved 1114112K
  class space    used 8671K, committed 8960K, reserved 1048576K
}
Event: 7.749 GC heap after
{Heap after GC invocations=23 (full 0):
 garbage-first heap   total 120832K, used 46413K [0x0000000082000000, 0x0000000100000000)
  region size 1024K, 3 young (3072K), 3 survivors (3072K)
 Metaspace       used 60295K, committed 60864K, reserved 1114112K
  class space    used 8671K, committed 8960K, reserved 1048576K
}
Event: 7.941 GC heap before
{Heap before GC invocations=23 (full 0):
 garbage-first heap   total 120832K, used 101709K [0x0000000082000000, 0x0000000100000000)
  region size 1024K, 57 young (58368K), 3 survivors (3072K)
 Metaspace       used 60678K, committed 61248K, reserved 1114112K
  class space    used 8709K, committed 9024K, reserved 1048576K
}
Event: 7.944 GC heap after
{Heap after GC invocations=24 (full 0):
 garbage-first heap   total 120832K, used 47192K [0x0000000082000000, 0x0000000100000000)
  region size 1024K, 4 young (4096K), 4 survivors (4096K)
 Metaspace       used 60678K, committed 61248K, reserved 1114112K
  class space    used 8709K, committed 9024K, reserved 1048576K
}
Event: 8.449 GC heap before
{Heap before GC invocations=24 (full 0):
 garbage-first heap   total 120832K, used 102488K [0x0000000082000000, 0x0000000100000000)
  region size 1024K, 58 young (59392K), 4 survivors (4096K)
 Metaspace       used 64237K, committed 64896K, reserved 1114112K
  class space    used 9316K, committed 9600K, reserved 1048576K
}
Event: 8.456 GC heap after
{Heap after GC invocations=25 (full 0):
 garbage-first heap   total 120832K, used 52013K [0x0000000082000000, 0x0000000100000000)
  region size 1024K, 8 young (8192K), 8 survivors (8192K)
 Metaspace       used 64237K, committed 64896K, reserved 1114112K
  class space    used 9316K, committed 9600K, reserved 1048576K
}
Event: 10.008 GC heap before
{Heap before GC invocations=25 (full 0):
 garbage-first heap   total 120832K, used 99117K [0x0000000082000000, 0x0000000100000000)
  region size 1024K, 54 young (55296K), 8 survivors (8192K)
 Metaspace       used 67467K, committed 68096K, reserved 1114112K
  class space    used 9735K, committed 10048K, reserved 1048576K
}
Event: 10.028 GC heap after
{Heap after GC invocations=26 (full 0):
 garbage-first heap   total 120832K, used 54961K [0x0000000082000000, 0x0000000100000000)
  region size 1024K, 3 young (3072K), 3 survivors (3072K)
 Metaspace       used 67467K, committed 68096K, reserved 1114112K
  class space    used 9735K, committed 10048K, reserved 1048576K
}
Event: 10.386 GC heap before
{Heap before GC invocations=26 (full 0):
 garbage-first heap   total 120832K, used 100017K [0x0000000082000000, 0x0000000100000000)
  region size 1024K, 47 young (48128K), 3 survivors (3072K)
 Metaspace       used 70901K, committed 71616K, reserved 1114112K
  class space    used 10478K, committed 10816K, reserved 1048576K
}
Event: 10.403 GC heap after
{Heap after GC invocations=27 (full 0):
 garbage-first heap   total 145408K, used 57679K [0x0000000082000000, 0x0000000100000000)
  region size 1024K, 6 young (6144K), 6 survivors (6144K)
 Metaspace       used 70901K, committed 71616K, reserved 1114112K
  class space    used 10478K, committed 10816K, reserved 1048576K
}
Event: 10.810 GC heap before
{Heap before GC invocations=27 (full 0):
 garbage-first heap   total 145408K, used 112975K [0x0000000082000000, 0x0000000100000000)
  region size 1024K, 61 young (62464K), 6 survivors (6144K)
 Metaspace       used 74341K, committed 75072K, reserved 1114112K
  class space    used 10936K, committed 11264K, reserved 1048576K
}
Event: 10.816 GC heap after
{Heap after GC invocations=28 (full 0):
 garbage-first heap   total 145408K, used 61053K [0x0000000082000000, 0x0000000100000000)
  region size 1024K, 7 young (7168K), 7 survivors (7168K)
 Metaspace       used 74341K, committed 75072K, reserved 1114112K
  class space    used 10936K, committed 11264K, reserved 1048576K
}
Event: 10.928 GC heap before
{Heap before GC invocations=28 (full 0):
 garbage-first heap   total 145408K, used 115325K [0x0000000082000000, 0x0000000100000000)
  region size 1024K, 60 young (61440K), 7 survivors (7168K)
 Metaspace       used 74374K, committed 75072K, reserved 1114112K
  class space    used 10938K, committed 11264K, reserved 1048576K
}
Event: 10.947 GC heap after
{Heap after GC invocations=29 (full 0):
 garbage-first heap   total 145408K, used 68744K [0x0000000082000000, 0x0000000100000000)
  region size 1024K, 8 young (8192K), 8 survivors (8192K)
 Metaspace       used 74374K, committed 75072K, reserved 1114112K
  class space    used 10938K, committed 11264K, reserved 1048576K
}
Event: 11.081 GC heap before
{Heap before GC invocations=29 (full 0):
 garbage-first heap   total 145408K, used 114824K [0x0000000082000000, 0x0000000100000000)
  region size 1024K, 53 young (54272K), 8 survivors (8192K)
 Metaspace       used 74537K, committed 75200K, reserved 1114112K
  class space    used 10953K, committed 11264K, reserved 1048576K
}
Event: 11.104 GC heap after
{Heap after GC invocations=30 (full 0):
 garbage-first heap   total 145408K, used 79240K [0x0000000082000000, 0x0000000100000000)
  region size 1024K, 7 young (7168K), 7 survivors (7168K)
 Metaspace       used 74537K, committed 75200K, reserved 1114112K
  class space    used 10953K, committed 11264K, reserved 1048576K
}
Event: 11.454 GC heap before
{Heap before GC invocations=30 (full 0):
 garbage-first heap   total 145408K, used 112008K [0x0000000082000000, 0x0000000100000000)
  region size 1024K, 39 young (39936K), 7 survivors (7168K)
 Metaspace       used 75492K, committed 76224K, reserved 1179648K
  class space    used 11065K, committed 11392K, reserved 1048576K
}

