# JRE version: OpenJDK Runtime Environment Temurin-17.0.4.1+1 (17.0.4.1+1) (build 17.0.4.1+1)
# Java VM: OpenJDK 64-Bit Server VM Temurin-17.0.4.1+1 (17.0.4.1+1, mixed mode, tiered, compressed oops, compressed class ptrs, parallel gc, windows-amd64)
GC Precious Log:
 CPUs: 8 total, 8 available
 Memory: 8058M
 Large Page Support: Disabled
 NUMA Support: Disabled
 Compressed Oops: Enabled (32-bit)
 Alignments: Space 512K, Generation 512K, Heap 2M
 Heap Min Capacity: 100M
 Heap Initial Capacity: 100M
 Heap Max Capacity: 1G
 Pre-touch: Disabled
 Parallel Workers: 8
Heap:
 PSYoungGen      total 3584K, used 1589K [0x00000000eab00000, 0x00000000eb000000, 0x0000000100000000)
  eden space 3072K, 47% used [0x00000000eab00000,0x00000000eac6d4f0,0x00000000eae00000)
  from space 512K, 25% used [0x00000000eaf80000,0x00000000eafa0000,0x00000000eb000000)
  to   space 512K, 0% used [0x00000000eae00000,0x00000000eae00000,0x00000000eae80000)
 ParOldGen       total 97792K, used 94688K [0x00000000c0000000, 0x00000000c5f80000, 0x00000000eab00000)
  object space 97792K, 96% used [0x00000000c0000000,0x00000000c5c78050,0x00000000c5f80000)
 Metaspace       used 68732K, committed 69824K, reserved 1114112K
  class space    used 6696K, committed 7232K, reserved 1048576K
GC Heap History (20 events):
Event: 92.888 GC heap before
{Heap before GC invocations=890 (full 11):
 PSYoungGen      total 4608K, used 4256K [0x00000000eab00000, 0x00000000eb080000, 0x0000000100000000)
  eden space 4096K, 100% used [0x00000000eab00000,0x00000000eaf00000,0x00000000eaf00000)
  from space 512K, 31% used [0x00000000eaf00000,0x00000000eaf28000,0x00000000eaf80000)
  to   space 512K, 0% used [0x00000000eb000000,0x00000000eb000000,0x00000000eb080000)
 ParOldGen       total 97792K, used 91577K [0x00000000c0000000, 0x00000000c5f80000, 0x00000000eab00000)
  object space 97792K, 93% used [0x00000000c0000000,0x00000000c596e5f0,0x00000000c5f80000)
 Metaspace       used 68725K, committed 69824K, reserved 1114112K
  class space    used 6696K, committed 7232K, reserved 1048576K
}
Event: 92.890 GC heap after
{Heap after GC invocations=890 (full 11):
 PSYoungGen      total 4608K, used 320K [0x00000000eab00000, 0x00000000eb080000, 0x0000000100000000)
  eden space 4096K, 0% used [0x00000000eab00000,0x00000000eab00000,0x00000000eaf00000)
  from space 512K, 62% used [0x00000000eb000000,0x00000000eb050000,0x00000000eb080000)
  to   space 512K, 0% used [0x00000000eaf00000,0x00000000eaf00000,0x00000000eaf80000)
 ParOldGen       total 97792K, used 91641K [0x00000000c0000000, 0x00000000c5f80000, 0x00000000eab00000)
  object space 97792K, 93% used [0x00000000c0000000,0x00000000c597e5f0,0x00000000c5f80000)
 Metaspace       used 68725K, committed 69824K, reserved 1114112K
  class space    used 6696K, committed 7232K, reserved 1048576K
}
Event: 92.903 GC heap before
{Heap before GC invocations=891 (full 11):
 PSYoungGen      total 4608K, used 4416K [0x00000000eab00000, 0x00000000eb080000, 0x0000000100000000)
  eden space 4096K, 100% used [0x00000000eab00000,0x00000000eaf00000,0x00000000eaf00000)
  from space 512K, 62% used [0x00000000eb000000,0x00000000eb050000,0x00000000eb080000)
  to   space 512K, 0% used [0x00000000eaf00000,0x00000000eaf00000,0x00000000eaf80000)
 ParOldGen       total 97792K, used 91641K [0x00000000c0000000, 0x00000000c5f80000, 0x00000000eab00000)
  object space 97792K, 93% used [0x00000000c0000000,0x00000000c597e5f0,0x00000000c5f80000)
 Metaspace       used 68725K, committed 69824K, reserved 1114112K
  class space    used 6696K, committed 7232K, reserved 1048576K
}
Event: 92.904 GC heap after
{Heap after GC invocations=891 (full 11):
 PSYoungGen      total 4608K, used 288K [0x00000000eab00000, 0x00000000eb080000, 0x0000000100000000)
  eden space 4096K, 0% used [0x00000000eab00000,0x00000000eab00000,0x00000000eaf00000)
  from space 512K, 56% used [0x00000000eaf00000,0x00000000eaf48000,0x00000000eaf80000)
  to   space 512K, 0% used [0x00000000eb000000,0x00000000eb000000,0x00000000eb080000)
 ParOldGen       total 97792K, used 91889K [0x00000000c0000000, 0x00000000c5f80000, 0x00000000eab00000)
  object space 97792K, 93% used [0x00000000c0000000,0x00000000c59bc610,0x00000000c5f80000)
 Metaspace       used 68725K, committed 69824K, reserved 1114112K
  class space    used 6696K, committed 7232K, reserved 1048576K
}
Event: 92.911 GC heap before
{Heap before GC invocations=892 (full 11):
 PSYoungGen      total 4608K, used 4384K [0x00000000eab00000, 0x00000000eb080000, 0x0000000100000000)
  eden space 4096K, 100% used [0x00000000eab00000,0x00000000eaf00000,0x00000000eaf00000)
  from space 512K, 56% used [0x00000000eaf00000,0x00000000eaf48000,0x00000000eaf80000)
  to   space 512K, 0% used [0x00000000eb000000,0x00000000eb000000,0x00000000eb080000)
 ParOldGen       total 97792K, used 91889K [0x00000000c0000000, 0x00000000c5f80000, 0x00000000eab00000)
  object space 97792K, 93% used [0x00000000c0000000,0x00000000c59bc610,0x00000000c5f80000)
 Metaspace       used 68725K, committed 69824K, reserved 1114112K
  class space    used 6696K, committed 7232K, reserved 1048576K
}
Event: 92.912 GC heap after
{Heap after GC invocations=892 (full 11):
 PSYoungGen      total 4608K, used 224K [0x00000000eab00000, 0x00000000eb080000, 0x0000000100000000)
  eden space 4096K, 0% used [0x00000000eab00000,0x00000000eab00000,0x00000000eaf00000)
  from space 512K, 43% used [0x00000000eb000000,0x00000000eb038000,0x00000000eb080000)
  to   space 512K, 0% used [0x00000000eaf00000,0x00000000eaf00000,0x00000000eaf80000)
 ParOldGen       total 97792K, used 92041K [0x00000000c0000000, 0x00000000c5f80000, 0x00000000eab00000)
  object space 97792K, 94% used [0x00000000c0000000,0x00000000c59e2610,0x00000000c5f80000)
 Metaspace       used 68725K, committed 69824K, reserved 1114112K
  class space    used 6696K, committed 7232K, reserved 1048576K
}
Event: 93.964 GC heap before
{Heap before GC invocations=893 (full 11):
 PSYoungGen      total 4608K, used 4320K [0x00000000eab00000, 0x00000000eb080000, 0x0000000100000000)
  eden space 4096K, 100% used [0x00000000eab00000,0x00000000eaf00000,0x00000000eaf00000)
  from space 512K, 43% used [0x00000000eb000000,0x00000000eb038000,0x00000000eb080000)
  to   space 512K, 0% used [0x00000000eaf00000,0x00000000eaf00000,0x00000000eaf80000)
 ParOldGen       total 97792K, used 92041K [0x00000000c0000000, 0x00000000c5f80000, 0x00000000eab00000)
  object space 97792K, 94% used [0x00000000c0000000,0x00000000c59e2610,0x00000000c5f80000)
 Metaspace       used 68725K, committed 69824K, reserved 1114112K
  class space    used 6696K, committed 7232K, reserved 1048576K
}
Event: 93.965 GC heap after
{Heap after GC invocations=893 (full 11):
 PSYoungGen      total 4608K, used 464K [0x00000000eab00000, 0x00000000eb080000, 0x0000000100000000)
  eden space 4096K, 0% used [0x00000000eab00000,0x00000000eab00000,0x00000000eaf00000)
  from space 512K, 90% used [0x00000000eaf00000,0x00000000eaf74010,0x00000000eaf80000)
  to   space 512K, 0% used [0x00000000eb000000,0x00000000eb000000,0x00000000eb080000)
 ParOldGen       total 97792K, used 92121K [0x00000000c0000000, 0x00000000c5f80000, 0x00000000eab00000)
  object space 97792K, 94% used [0x00000000c0000000,0x00000000c59f6610,0x00000000c5f80000)
 Metaspace       used 68725K, committed 69824K, reserved 1114112K
  class space    used 6696K, committed 7232K, reserved 1048576K
}
Event: 94.438 GC heap before
{Heap before GC invocations=894 (full 11):
 PSYoungGen      total 4608K, used 4560K [0x00000000eab00000, 0x00000000eb080000, 0x0000000100000000)
  eden space 4096K, 100% used [0x00000000eab00000,0x00000000eaf00000,0x00000000eaf00000)
  from space 512K, 90% used [0x00000000eaf00000,0x00000000eaf74010,0x00000000eaf80000)
  to   space 512K, 0% used [0x00000000eb000000,0x00000000eb000000,0x00000000eb080000)
 ParOldGen       total 97792K, used 92121K [0x00000000c0000000, 0x00000000c5f80000, 0x00000000eab00000)
  object space 97792K, 94% used [0x00000000c0000000,0x00000000c59f6610,0x00000000c5f80000)
 Metaspace       used 68732K, committed 69824K, reserved 1114112K
  class space    used 6696K, committed 7232K, reserved 1048576K
}
Event: 94.443 GC heap after
{Heap after GC invocations=894 (full 11):
 PSYoungGen      total 3584K, used 512K [0x00000000eab00000, 0x00000000eb300000, 0x0000000100000000)
  eden space 3072K, 0% used [0x00000000eab00000,0x00000000eab00000,0x00000000eae00000)
  from space 512K, 100% used [0x00000000eb000000,0x00000000eb080000,0x00000000eb080000)
  to   space 2048K, 0% used [0x00000000eae00000,0x00000000eae00000,0x00000000eb000000)
 ParOldGen       total 97792K, used 92982K [0x00000000c0000000, 0x00000000c5f80000, 0x00000000eab00000)
  object space 97792K, 95% used [0x00000000c0000000,0x00000000c5acd880,0x00000000c5f80000)
 Metaspace       used 68732K, committed 69824K, reserved 1114112K
  class space    used 6696K, committed 7232K, reserved 1048576K
}
Event: 94.461 GC heap before
{Heap before GC invocations=895 (full 11):
 PSYoungGen      total 3584K, used 3584K [0x00000000eab00000, 0x00000000eb300000, 0x0000000100000000)
  eden space 3072K, 100% used [0x00000000eab00000,0x00000000eae00000,0x00000000eae00000)
  from space 512K, 100% used [0x00000000eb000000,0x00000000eb080000,0x00000000eb080000)
  to   space 2048K, 0% used [0x00000000eae00000,0x00000000eae00000,0x00000000eb000000)
 ParOldGen       total 97792K, used 92982K [0x00000000c0000000, 0x00000000c5f80000, 0x00000000eab00000)
  object space 97792K, 95% used [0x00000000c0000000,0x00000000c5acd880,0x00000000c5f80000)
 Metaspace       used 68732K, committed 69824K, reserved 1114112K
  class space    used 6696K, committed 7232K, reserved 1048576K
}
Event: 94.463 GC heap after
{Heap after GC invocations=895 (full 11):
 PSYoungGen      total 3584K, used 160K [0x00000000eab00000, 0x00000000eb080000, 0x0000000100000000)
  eden space 3072K, 0% used [0x00000000eab00000,0x00000000eab00000,0x00000000eae00000)
  from space 512K, 31% used [0x00000000eae00000,0x00000000eae28000,0x00000000eae80000)
  to   space 1024K, 0% used [0x00000000eaf80000,0x00000000eaf80000,0x00000000eb080000)
 ParOldGen       total 97792K, used 93479K [0x00000000c0000000, 0x00000000c5f80000, 0x00000000eab00000)
  object space 97792K, 95% used [0x00000000c0000000,0x00000000c5b49fd0,0x00000000c5f80000)
 Metaspace       used 68732K, committed 69824K, reserved 1114112K
  class space    used 6696K, committed 7232K, reserved 1048576K
}
Event: 94.497 GC heap before
{Heap before GC invocations=896 (full 11):
 PSYoungGen      total 3584K, used 3232K [0x00000000eab00000, 0x00000000eb080000, 0x0000000100000000)
  eden space 3072K, 100% used [0x00000000eab00000,0x00000000eae00000,0x00000000eae00000)
  from space 512K, 31% used [0x00000000eae00000,0x00000000eae28000,0x00000000eae80000)
  to   space 1024K, 0% used [0x00000000eaf80000,0x00000000eaf80000,0x00000000eb080000)
 ParOldGen       total 97792K, used 93479K [0x00000000c0000000, 0x00000000c5f80000, 0x00000000eab00000)
  object space 97792K, 95% used [0x00000000c0000000,0x00000000c5b49fd0,0x00000000c5f80000)
 Metaspace       used 68732K, committed 69824K, reserved 1114112K
  class space    used 6696K, committed 7232K, reserved 1048576K
}
Event: 94.498 GC heap after
{Heap after GC invocations=896 (full 11):
 PSYoungGen      total 3584K, used 160K [0x00000000eab00000, 0x00000000eb000000, 0x0000000100000000)
  eden space 3072K, 0% used [0x00000000eab00000,0x00000000eab00000,0x00000000eae00000)
  from space 512K, 31% used [0x00000000eaf80000,0x00000000eafa8000,0x00000000eb000000)
  to   space 512K, 0% used [0x00000000eae00000,0x00000000eae00000,0x00000000eae80000)
 ParOldGen       total 97792K, used 93543K [0x00000000c0000000, 0x00000000c5f80000, 0x00000000eab00000)
  object space 97792K, 95% used [0x00000000c0000000,0x00000000c5b59fd0,0x00000000c5f80000)
 Metaspace       used 68732K, committed 69824K, reserved 1114112K
  class space    used 6696K, committed 7232K, reserved 1048576K
}
Event: 94.540 GC heap before
{Heap before GC invocations=897 (full 11):
 PSYoungGen      total 3584K, used 3232K [0x00000000eab00000, 0x00000000eb000000, 0x0000000100000000)
  eden space 3072K, 100% used [0x00000000eab00000,0x00000000eae00000,0x00000000eae00000)
  from space 512K, 31% used [0x00000000eaf80000,0x00000000eafa8000,0x00000000eb000000)
  to   space 512K, 0% used [0x00000000eae00000,0x00000000eae00000,0x00000000eae80000)
 ParOldGen       total 97792K, used 93543K [0x00000000c0000000, 0x00000000c5f80000, 0x00000000eab00000)
  object space 97792K, 95% used [0x00000000c0000000,0x00000000c5b59fd0,0x00000000c5f80000)
 Metaspace       used 68732K, committed 69824K, reserved 1114112K
  class space    used 6696K, committed 7232K, reserved 1048576K
}
Event: 94.543 GC heap after
{Heap after GC invocations=897 (full 11):
 PSYoungGen      total 3584K, used 144K [0x00000000eab00000, 0x00000000eb000000, 0x0000000100000000)
  eden space 3072K, 0% used [0x00000000eab00000,0x00000000eab00000,0x00000000eae00000)
  from space 512K, 28% used [0x00000000eae00000,0x00000000eae24010,0x00000000eae80000)
  to   space 512K, 0% used [0x00000000eaf80000,0x00000000eaf80000,0x00000000eb000000)
 ParOldGen       total 97792K, used 93623K [0x00000000c0000000, 0x00000000c5f80000, 0x00000000eab00000)
  object space 97792K, 95% used [0x00000000c0000000,0x00000000c5b6dfd0,0x00000000c5f80000)
 Metaspace       used 68732K, committed 69824K, reserved 1114112K
  class space    used 6696K, committed 7232K, reserved 1048576K
}
Event: 94.581 GC heap before
{Heap before GC invocations=898 (full 11):
 PSYoungGen      total 3584K, used 3216K [0x00000000eab00000, 0x00000000eb000000, 0x0000000100000000)
  eden space 3072K, 100% used [0x00000000eab00000,0x00000000eae00000,0x00000000eae00000)
  from space 512K, 28% used [0x00000000eae00000,0x00000000eae24010,0x00000000eae80000)
  to   space 512K, 0% used [0x00000000eaf80000,0x00000000eaf80000,0x00000000eb000000)
 ParOldGen       total 97792K, used 93623K [0x00000000c0000000, 0x00000000c5f80000, 0x00000000eab00000)
  object space 97792K, 95% used [0x00000000c0000000,0x00000000c5b6dfd0,0x00000000c5f80000)
 Metaspace       used 68732K, committed 69824K, reserved 1114112K
  class space    used 6696K, committed 7232K, reserved 1048576K
}
Event: 94.582 GC heap after
{Heap after GC invocations=898 (full 11):
 PSYoungGen      total 3584K, used 288K [0x00000000eab00000, 0x00000000eb000000, 0x0000000100000000)
  eden space 3072K, 0% used [0x00000000eab00000,0x00000000eab00000,0x00000000eae00000)
  from space 512K, 56% used [0x00000000eaf80000,0x00000000eafc8000,0x00000000eb000000)
  to   space 512K, 0% used [0x00000000eae00000,0x00000000eae00000,0x00000000eae80000)
 ParOldGen       total 97792K, used 93695K [0x00000000c0000000, 0x00000000c5f80000, 0x00000000eab00000)
  object space 97792K, 95% used [0x00000000c0000000,0x00000000c5b7fff0,0x00000000c5f80000)
 Metaspace       used 68732K, committed 69824K, reserved 1114112K
  class space    used 6696K, committed 7232K, reserved 1048576K
}
Event: 94.596 GC heap before
{Heap before GC invocations=899 (full 11):
 PSYoungGen      total 3584K, used 3360K [0x00000000eab00000, 0x00000000eb000000, 0x0000000100000000)
  eden space 3072K, 100% used [0x00000000eab00000,0x00000000eae00000,0x00000000eae00000)
  from space 512K, 56% used [0x00000000eaf80000,0x00000000eafc8000,0x00000000eb000000)
  to   space 512K, 0% used [0x00000000eae00000,0x00000000eae00000,0x00000000eae80000)
 ParOldGen       total 97792K, used 93695K [0x00000000c0000000, 0x00000000c5f80000, 0x00000000eab00000)
  object space 97792K, 95% used [0x00000000c0000000,0x00000000c5b7fff0,0x00000000c5f80000)
 Metaspace       used 68732K, committed 69824K, reserved 1114112K
  class space    used 6696K, committed 7232K, reserved 1048576K
}
Event: 94.598 GC heap after
{Heap after GC invocations=899 (full 11):
 PSYoungGen      total 3584K, used 160K [0x00000000eab00000, 0x00000000eb000000, 0x0000000100000000)
  eden space 3072K, 0% used [0x00000000eab00000,0x00000000eab00000,0x00000000eae00000)
  from space 512K, 31% used [0x00000000eae00000,0x00000000eae28000,0x00000000eae80000)
  to   space 512K, 0% used [0x00000000eaf80000,0x00000000eaf80000,0x00000000eb000000)
 ParOldGen       total 97792K, used 93847K [0x00000000c0000000, 0x00000000c5f80000, 0x00000000eab00000)
  object space 97792K, 95% used [0x00000000c0000000,0x00000000c5ba5ff0,0x00000000c5f80000)
 Metaspace       used 68732K, committed 69824K, reserved 1114112K
  class space    used 6696K, committed 7232K, reserved 1048576K
}

