# JRE version: OpenJDK Runtime Environment Temurin-21.0.10+7 (21.0.10+7) (build 21.0.10+7-LTS)
# Java VM: OpenJDK 64-Bit Server VM Temurin-21.0.10+7 (21.0.10+7-LTS, mixed mode, sharing, tiered, compressed oops, compressed class ptrs, parallel gc, windows-amd64)
GC Precious Log:
 CardTable entry size: 512
 CPUs: 8 total, 8 available
 Memory: 8058M
 Large Page Support: Disabled
 NUMA Support: Disabled
 Compressed Oops: Enabled (32-bit)
 Alignments: Space 512K, Generation 512K, Heap 2M
 Heap Min Capacity: 100M
 Heap Initial Capacity: 100M
 Heap Max Capacity: 2G
 Pre-touch: Disabled
 Parallel Workers: 8
Heap:
 PSYoungGen      total 237568K, used 192164K [0x00000000d5580000, 0x00000000e6100000, 0x0000000100000000)
  eden space 212992K, 88% used [0x00000000d5580000,0x00000000e0d022a0,0x00000000e2580000)
  from space 24576K, 17% used [0x00000000e2580000,0x00000000e29a7060,0x00000000e3d80000)
  to   space 11776K, 0% used [0x00000000e5580000,0x00000000e5580000,0x00000000e6100000)
 ParOldGen       total 933376K, used 860746K [0x0000000080000000, 0x00000000b8f80000, 0x00000000d5580000)
  object space 933376K, 92% used [0x0000000080000000,0x00000000b4892bb0,0x00000000b8f80000)
 Metaspace       used 82344K, committed 84032K, reserved 1179648K
  class space    used 7954K, committed 8768K, reserved 1048576K
GC Heap History (20 events):
Event: 21689.177 GC heap before
{Heap before GC invocations=1235 (full 5):
 PSYoungGen      total 91136K, used 91008K [0x00000000d5580000, 0x00000000dc680000, 0x0000000100000000)
  eden space 86016K, 99% used [0x00000000d5580000,0x00000000da97fff8,0x00000000da980000)
  from space 5120K, 97% used [0x00000000dc080000,0x00000000dc560180,0x00000000dc580000)
  to   space 1024K, 0% used [0x00000000dc580000,0x00000000dc580000,0x00000000dc680000)
 ParOldGen       total 933376K, used 776394K [0x0000000080000000, 0x00000000b8f80000, 0x00000000d5580000)
  object space 933376K, 83% used [0x0000000080000000,0x00000000af632bd8,0x00000000b8f80000)
 Metaspace       used 81936K, committed 83584K, reserved 1179648K
  class space    used 7938K, committed 8768K, reserved 1048576K
}
Event: 21689.663 GC heap after
{Heap after GC invocations=1235 (full 5):
 PSYoungGen      total 104448K, used 1008K [0x00000000d5580000, 0x00000000dcf80000, 0x0000000100000000)
  eden space 103424K, 0% used [0x00000000d5580000,0x00000000d5580000,0x00000000dba80000)
  from space 1024K, 98% used [0x00000000dc580000,0x00000000dc67c030,0x00000000dc680000)
  to   space 10752K, 0% used [0x00000000dba80000,0x00000000dba80000,0x00000000dc500000)
 ParOldGen       total 933376K, used 784908K [0x0000000080000000, 0x00000000b8f80000, 0x00000000d5580000)
  object space 933376K, 84% used [0x0000000080000000,0x00000000afe831a0,0x00000000b8f80000)
 Metaspace       used 81936K, committed 83584K, reserved 1179648K
  class space    used 7938K, committed 8768K, reserved 1048576K
}
Event: 21691.249 GC heap before
{Heap before GC invocations=1236 (full 5):
 PSYoungGen      total 104448K, used 104432K [0x00000000d5580000, 0x00000000dcf80000, 0x0000000100000000)
  eden space 103424K, 100% used [0x00000000d5580000,0x00000000dba80000,0x00000000dba80000)
  from space 1024K, 98% used [0x00000000dc580000,0x00000000dc67c030,0x00000000dc680000)
  to   space 10752K, 0% used [0x00000000dba80000,0x00000000dba80000,0x00000000dc500000)
 ParOldGen       total 933376K, used 784908K [0x0000000080000000, 0x00000000b8f80000, 0x00000000d5580000)
  object space 933376K, 84% used [0x0000000080000000,0x00000000afe831a0,0x00000000b8f80000)
 Metaspace       used 81941K, committed 83584K, reserved 1179648K
  class space    used 7939K, committed 8768K, reserved 1048576K
}
Event: 21691.500 GC heap after
{Heap after GC invocations=1236 (full 5):
 PSYoungGen      total 114176K, used 10726K [0x00000000d5580000, 0x00000000dec00000, 0x0000000100000000)
  eden space 103424K, 0% used [0x00000000d5580000,0x00000000d5580000,0x00000000dba80000)
  from space 10752K, 99% used [0x00000000dba80000,0x00000000dc4f9bb8,0x00000000dc500000)
  to   space 14848K, 0% used [0x00000000ddd80000,0x00000000ddd80000,0x00000000dec00000)
 ParOldGen       total 933376K, used 788060K [0x0000000080000000, 0x00000000b8f80000, 0x00000000d5580000)
  object space 933376K, 84% used [0x0000000080000000,0x00000000b0197250,0x00000000b8f80000)
 Metaspace       used 81941K, committed 83584K, reserved 1179648K
  class space    used 7939K, committed 8768K, reserved 1048576K
}
Event: 21691.672 GC heap before
{Heap before GC invocations=1237 (full 5):
 PSYoungGen      total 114176K, used 114150K [0x00000000d5580000, 0x00000000dec00000, 0x0000000100000000)
  eden space 103424K, 100% used [0x00000000d5580000,0x00000000dba80000,0x00000000dba80000)
  from space 10752K, 99% used [0x00000000dba80000,0x00000000dc4f9bb8,0x00000000dc500000)
  to   space 14848K, 0% used [0x00000000ddd80000,0x00000000ddd80000,0x00000000dec00000)
 ParOldGen       total 933376K, used 788060K [0x0000000080000000, 0x00000000b8f80000, 0x00000000d5580000)
  object space 933376K, 84% used [0x0000000080000000,0x00000000b0197250,0x00000000b8f80000)
 Metaspace       used 81944K, committed 83584K, reserved 1179648K
  class space    used 7939K, committed 8768K, reserved 1048576K
}
Event: 21692.441 GC heap after
{Heap after GC invocations=1237 (full 5):
 PSYoungGen      total 126464K, used 1952K [0x00000000d5580000, 0x00000000ddf80000, 0x0000000100000000)
  eden space 124416K, 0% used [0x00000000d5580000,0x00000000d5580000,0x00000000dcf00000)
  from space 2048K, 95% used [0x00000000ddd80000,0x00000000ddf68010,0x00000000ddf80000)
  to   space 6656K, 0% used [0x00000000dd280000,0x00000000dd280000,0x00000000dd900000)
 ParOldGen       total 933376K, used 798799K [0x0000000080000000, 0x00000000b8f80000, 0x00000000d5580000)
  object space 933376K, 85% used [0x0000000080000000,0x00000000b0c13cc8,0x00000000b8f80000)
 Metaspace       used 81944K, committed 83584K, reserved 1179648K
  class space    used 7939K, committed 8768K, reserved 1048576K
}
Event: 21692.678 GC heap before
{Heap before GC invocations=1238 (full 5):
 PSYoungGen      total 126464K, used 126368K [0x00000000d5580000, 0x00000000ddf80000, 0x0000000100000000)
  eden space 124416K, 100% used [0x00000000d5580000,0x00000000dcf00000,0x00000000dcf00000)
  from space 2048K, 95% used [0x00000000ddd80000,0x00000000ddf68010,0x00000000ddf80000)
  to   space 6656K, 0% used [0x00000000dd280000,0x00000000dd280000,0x00000000dd900000)
 ParOldGen       total 933376K, used 798799K [0x0000000080000000, 0x00000000b8f80000, 0x00000000d5580000)
  object space 933376K, 85% used [0x0000000080000000,0x00000000b0c13cc8,0x00000000b8f80000)
 Metaspace       used 81948K, committed 83584K, reserved 1179648K
  class space    used 7939K, committed 8768K, reserved 1048576K
}
Event: 21692.830 GC heap after
{Heap after GC invocations=1238 (full 5):
 PSYoungGen      total 134656K, used 2624K [0x00000000d5580000, 0x00000000dee80000, 0x0000000100000000)
  eden space 128000K, 0% used [0x00000000d5580000,0x00000000d5580000,0x00000000dd280000)
  from space 6656K, 39% used [0x00000000dd280000,0x00000000dd510030,0x00000000dd900000)
  to   space 3584K, 0% used [0x00000000deb00000,0x00000000deb00000,0x00000000dee80000)
 ParOldGen       total 933376K, used 800567K [0x0000000080000000, 0x00000000b8f80000, 0x00000000d5580000)
  object space 933376K, 85% used [0x0000000080000000,0x00000000b0dcdcc8,0x00000000b8f80000)
 Metaspace       used 81948K, committed 83584K, reserved 1179648K
  class space    used 7939K, committed 8768K, reserved 1048576K
}
Event: 21693.066 GC heap before
{Heap before GC invocations=1239 (full 5):
 PSYoungGen      total 134656K, used 130624K [0x00000000d5580000, 0x00000000dee80000, 0x0000000100000000)
  eden space 128000K, 100% used [0x00000000d5580000,0x00000000dd280000,0x00000000dd280000)
  from space 6656K, 39% used [0x00000000dd280000,0x00000000dd510030,0x00000000dd900000)
  to   space 3584K, 0% used [0x00000000deb00000,0x00000000deb00000,0x00000000dee80000)
 ParOldGen       total 933376K, used 800567K [0x0000000080000000, 0x00000000b8f80000, 0x00000000d5580000)
  object space 933376K, 85% used [0x0000000080000000,0x00000000b0dcdcc8,0x00000000b8f80000)
 Metaspace       used 81951K, committed 83648K, reserved 1179648K
  class space    used 7939K, committed 8768K, reserved 1048576K
}
Event: 21693.252 GC heap after
{Heap after GC invocations=1239 (full 5):
 PSYoungGen      total 153088K, used 3008K [0x00000000d5580000, 0x00000000df280000, 0x0000000100000000)
  eden space 149504K, 0% used [0x00000000d5580000,0x00000000d5580000,0x00000000de780000)
  from space 3584K, 83% used [0x00000000deb00000,0x00000000dedf0020,0x00000000dee80000)
  to   space 3584K, 0% used [0x00000000de780000,0x00000000de780000,0x00000000deb00000)
 ParOldGen       total 933376K, used 803019K [0x0000000080000000, 0x00000000b8f80000, 0x00000000d5580000)
  object space 933376K, 86% used [0x0000000080000000,0x00000000b1032c40,0x00000000b8f80000)
 Metaspace       used 81951K, committed 83648K, reserved 1179648K
  class space    used 7939K, committed 8768K, reserved 1048576K
}
Event: 21693.448 GC heap before
{Heap before GC invocations=1240 (full 5):
 PSYoungGen      total 153088K, used 152512K [0x00000000d5580000, 0x00000000df280000, 0x0000000100000000)
  eden space 149504K, 100% used [0x00000000d5580000,0x00000000de780000,0x00000000de780000)
  from space 3584K, 83% used [0x00000000deb00000,0x00000000dedf0020,0x00000000dee80000)
  to   space 3584K, 0% used [0x00000000de780000,0x00000000de780000,0x00000000deb00000)
 ParOldGen       total 933376K, used 803019K [0x0000000080000000, 0x00000000b8f80000, 0x00000000d5580000)
  object space 933376K, 86% used [0x0000000080000000,0x00000000b1032c40,0x00000000b8f80000)
 Metaspace       used 81951K, committed 83648K, reserved 1179648K
  class space    used 7939K, committed 8768K, reserved 1048576K
}
Event: 21693.816 GC heap after
{Heap after GC invocations=1240 (full 5):
 PSYoungGen      total 153088K, used 3552K [0x00000000d5580000, 0x00000000e1400000, 0x0000000100000000)
  eden space 149504K, 0% used [0x00000000d5580000,0x00000000d5580000,0x00000000de780000)
  from space 3584K, 99% used [0x00000000de780000,0x00000000deaf8010,0x00000000deb00000)
  to   space 7680K, 0% used [0x00000000e0c80000,0x00000000e0c80000,0x00000000e1400000)
 ParOldGen       total 933376K, used 806163K [0x0000000080000000, 0x00000000b8f80000, 0x00000000d5580000)
  object space 933376K, 86% used [0x0000000080000000,0x00000000b1344c60,0x00000000b8f80000)
 Metaspace       used 81951K, committed 83648K, reserved 1179648K
  class space    used 7939K, committed 8768K, reserved 1048576K
}
Event: 21696.682 GC heap before
{Heap before GC invocations=1241 (full 5):
 PSYoungGen      total 153088K, used 153056K [0x00000000d5580000, 0x00000000e1400000, 0x0000000100000000)
  eden space 149504K, 100% used [0x00000000d5580000,0x00000000de780000,0x00000000de780000)
  from space 3584K, 99% used [0x00000000de780000,0x00000000deaf8010,0x00000000deb00000)
  to   space 7680K, 0% used [0x00000000e0c80000,0x00000000e0c80000,0x00000000e1400000)
 ParOldGen       total 933376K, used 806163K [0x0000000080000000, 0x00000000b8f80000, 0x00000000d5580000)
  object space 933376K, 86% used [0x0000000080000000,0x00000000b1344c60,0x00000000b8f80000)
 Metaspace       used 82000K, committed 83648K, reserved 1179648K
  class space    used 7948K, committed 8768K, reserved 1048576K
}
Event: 21697.102 GC heap after
{Heap after GC invocations=1241 (full 5):
 PSYoungGen      total 181248K, used 7673K [0x00000000d5580000, 0x00000000e2000000, 0x0000000100000000)
  eden space 173568K, 0% used [0x00000000d5580000,0x00000000d5580000,0x00000000dff00000)
  from space 7680K, 99% used [0x00000000e0c80000,0x00000000e13fe5c0,0x00000000e1400000)
  to   space 13824K, 0% used [0x00000000dff00000,0x00000000dff00000,0x00000000e0c80000)
 ParOldGen       total 933376K, used 810915K [0x0000000080000000, 0x00000000b8f80000, 0x00000000d5580000)
  object space 933376K, 86% used [0x0000000080000000,0x00000000b17e8c90,0x00000000b8f80000)
 Metaspace       used 82000K, committed 83648K, reserved 1179648K
  class space    used 7948K, committed 8768K, reserved 1048576K
}
Event: 21698.101 GC heap before
{Heap before GC invocations=1242 (full 5):
 PSYoungGen      total 181248K, used 181241K [0x00000000d5580000, 0x00000000e2000000, 0x0000000100000000)
  eden space 173568K, 100% used [0x00000000d5580000,0x00000000dff00000,0x00000000dff00000)
  from space 7680K, 99% used [0x00000000e0c80000,0x00000000e13fe5c0,0x00000000e1400000)
  to   space 13824K, 0% used [0x00000000dff00000,0x00000000dff00000,0x00000000e0c80000)
 ParOldGen       total 933376K, used 810915K [0x0000000080000000, 0x00000000b8f80000, 0x00000000d5580000)
  object space 933376K, 86% used [0x0000000080000000,0x00000000b17e8c90,0x00000000b8f80000)
 Metaspace       used 82095K, committed 83776K, reserved 1179648K
  class space    used 7948K, committed 8768K, reserved 1048576K
}
Event: 21698.418 GC heap after
{Heap after GC invocations=1242 (full 5):
 PSYoungGen      total 187392K, used 13808K [0x00000000d5580000, 0x00000000e5c00000, 0x0000000100000000)
  eden space 173568K, 0% used [0x00000000d5580000,0x00000000d5580000,0x00000000dff00000)
  from space 13824K, 99% used [0x00000000dff00000,0x00000000e0c7c1e0,0x00000000e0c80000)
  to   space 30208K, 0% used [0x00000000e3e80000,0x00000000e3e80000,0x00000000e5c00000)
 ParOldGen       total 933376K, used 824318K [0x0000000080000000, 0x00000000b8f80000, 0x00000000d5580000)
  object space 933376K, 88% used [0x0000000080000000,0x00000000b24ffa50,0x00000000b8f80000)
 Metaspace       used 82095K, committed 83776K, reserved 1179648K
  class space    used 7948K, committed 8768K, reserved 1048576K
}
Event: 21706.119 GC heap before
{Heap before GC invocations=1243 (full 5):
 PSYoungGen      total 187392K, used 187376K [0x00000000d5580000, 0x00000000e5c00000, 0x0000000100000000)
  eden space 173568K, 100% used [0x00000000d5580000,0x00000000dff00000,0x00000000dff00000)
  from space 13824K, 99% used [0x00000000dff00000,0x00000000e0c7c1e0,0x00000000e0c80000)
  to   space 30208K, 0% used [0x00000000e3e80000,0x00000000e3e80000,0x00000000e5c00000)
 ParOldGen       total 933376K, used 824318K [0x0000000080000000, 0x00000000b8f80000, 0x00000000d5580000)
  object space 933376K, 88% used [0x0000000080000000,0x00000000b24ffa50,0x00000000b8f80000)
 Metaspace       used 82305K, committed 84032K, reserved 1179648K
  class space    used 7954K, committed 8768K, reserved 1048576K
}
Event: 21706.305 GC heap after
{Heap after GC invocations=1243 (full 5):
 PSYoungGen      total 231936K, used 23046K [0x00000000d5580000, 0x00000000e5580000, 0x0000000100000000)
  eden space 208384K, 0% used [0x00000000d5580000,0x00000000d5580000,0x00000000e2100000)
  from space 23552K, 97% used [0x00000000e3e80000,0x00000000e5501b58,0x00000000e5580000)
  to   space 24576K, 0% used [0x00000000e2580000,0x00000000e2580000,0x00000000e3d80000)
 ParOldGen       total 933376K, used 837786K [0x0000000080000000, 0x00000000b8f80000, 0x00000000d5580000)
  object space 933376K, 89% used [0x0000000080000000,0x00000000b3226b30,0x00000000b8f80000)
 Metaspace       used 82305K, committed 84032K, reserved 1179648K
  class space    used 7954K, committed 8768K, reserved 1048576K
}
Event: 21707.491 GC heap before
{Heap before GC invocations=1244 (full 5):
 PSYoungGen      total 231936K, used 231430K [0x00000000d5580000, 0x00000000e5580000, 0x0000000100000000)
  eden space 208384K, 100% used [0x00000000d5580000,0x00000000e2100000,0x00000000e2100000)
  from space 23552K, 97% used [0x00000000e3e80000,0x00000000e5501b58,0x00000000e5580000)
  to   space 24576K, 0% used [0x00000000e2580000,0x00000000e2580000,0x00000000e3d80000)
 ParOldGen       total 933376K, used 837786K [0x0000000080000000, 0x00000000b8f80000, 0x00000000d5580000)
  object space 933376K, 89% used [0x0000000080000000,0x00000000b3226b30,0x00000000b8f80000)
 Metaspace       used 82315K, committed 84032K, reserved 1179648K
  class space    used 7954K, committed 8768K, reserved 1048576K
}
Event: 21707.985 GC heap after
{Heap after GC invocations=1244 (full 5):
 PSYoungGen      total 237568K, used 4252K [0x00000000d5580000, 0x00000000e6100000, 0x0000000100000000)
  eden space 212992K, 0% used [0x00000000d5580000,0x00000000d5580000,0x00000000e2580000)
  from space 24576K, 17% used [0x00000000e2580000,0x00000000e29a7060,0x00000000e3d80000)
  to   space 11776K, 0% used [0x00000000e5580000,0x00000000e5580000,0x00000000e6100000)
 ParOldGen       total 933376K, used 860746K [0x0000000080000000, 0x00000000b8f80000, 0x00000000d5580000)
  object space 933376K, 92% used [0x0000000080000000,0x00000000b4892bb0,0x00000000b8f80000)
 Metaspace       used 82315K, committed 84032K, reserved 1179648K
  class space    used 7954K, committed 8768K, reserved 1048576K
}

