# JRE version: OpenJDK Runtime Environment Temurin-17.0.4.1+1 (17.0.4.1+1) (build 17.0.4.1+1)
# Java VM: OpenJDK 64-Bit Server VM Temurin-17.0.4.1+1 (17.0.4.1+1, mixed mode, tiered, compressed oops, compressed class ptrs, parallel gc, windows-amd64)
GC Precious Log:
 CPUs: 8 total, 8 available
 Memory: 8058M
 Large Page Support: Disabled
 NUMA Support: Disabled
 Compressed Oops: Enabled (32-bit)
 Alignments: Space 512K, Generation 512K, Heap 2M
 Heap Min Capacity: 100M
 Heap Initial Capacity: 100M
 Heap Max Capacity: 1G
 Pre-touch: Disabled
 Parallel Workers: 8
Heap:
 PSYoungGen      total 16896K, used 16672K [0x00000000eab00000, 0x00000000ebc80000, 0x0000000100000000)
  eden space 16384K, 100% used [0x00000000eab00000,0x00000000ebb00000,0x00000000ebb00000)
  from space 512K, 56% used [0x00000000ebc00000,0x00000000ebc48000,0x00000000ebc80000)
  to   space 512K, 100% used [0x00000000ebb80000,0x00000000ebc00000,0x00000000ebc00000)
 ParOldGen       total 68608K, used 59708K [0x00000000c0000000, 0x00000000c4300000, 0x00000000eab00000)
  object space 68608K, 87% used [0x00000000c0000000,0x00000000c3a592b8,0x00000000c4300000)
 Metaspace       used 47987K, committed 48640K, reserved 1097728K
  class space    used 4631K, committed 4928K, reserved 1048576K
GC Heap History (20 events):
Event: 58.998 GC heap before
{Heap before GC invocations=60 (full 2):
 PSYoungGen      total 16896K, used 16895K [0x00000000eab00000, 0x00000000ebf00000, 0x0000000100000000)
  eden space 16384K, 100% used [0x00000000eab00000,0x00000000ebb00000,0x00000000ebb00000)
  from space 512K, 99% used [0x00000000ebb00000,0x00000000ebb7ff38,0x00000000ebb80000)
  to   space 2048K, 0% used [0x00000000ebd00000,0x00000000ebd00000,0x00000000ebf00000)
 ParOldGen       total 68608K, used 52217K [0x00000000c0000000, 0x00000000c4300000, 0x00000000eab00000)
  object space 68608K, 76% used [0x00000000c0000000,0x00000000c32fe720,0x00000000c4300000)
 Metaspace       used 47540K, committed 48192K, reserved 1097728K
  class space    used 4608K, committed 4928K, reserved 1048576K
}
Event: 59.001 GC heap after
{Heap after GC invocations=60 (full 2):
 PSYoungGen      total 17408K, used 864K [0x00000000eab00000, 0x00000000ebe00000, 0x0000000100000000)
  eden space 16384K, 0% used [0x00000000eab00000,0x00000000eab00000,0x00000000ebb00000)
  from space 1024K, 84% used [0x00000000ebd00000,0x00000000ebdd8000,0x00000000ebe00000)
  to   space 1536K, 0% used [0x00000000ebb00000,0x00000000ebb00000,0x00000000ebc80000)
 ParOldGen       total 68608K, used 52788K [0x00000000c0000000, 0x00000000c4300000, 0x00000000eab00000)
  object space 68608K, 76% used [0x00000000c0000000,0x00000000c338d388,0x00000000c4300000)
 Metaspace       used 47540K, committed 48192K, reserved 1097728K
  class space    used 4608K, committed 4928K, reserved 1048576K
}
Event: 59.106 GC heap before
{Heap before GC invocations=61 (full 2):
 PSYoungGen      total 17408K, used 17248K [0x00000000eab00000, 0x00000000ebe00000, 0x0000000100000000)
  eden space 16384K, 100% used [0x00000000eab00000,0x00000000ebb00000,0x00000000ebb00000)
  from space 1024K, 84% used [0x00000000ebd00000,0x00000000ebdd8000,0x00000000ebe00000)
  to   space 1536K, 0% used [0x00000000ebb00000,0x00000000ebb00000,0x00000000ebc80000)
 ParOldGen       total 68608K, used 52788K [0x00000000c0000000, 0x00000000c4300000, 0x00000000eab00000)
  object space 68608K, 76% used [0x00000000c0000000,0x00000000c338d388,0x00000000c4300000)
 Metaspace       used 47540K, committed 48192K, reserved 1097728K
  class space    used 4608K, committed 4928K, reserved 1048576K
}
Event: 59.108 GC heap after
{Heap after GC invocations=61 (full 2):
 PSYoungGen      total 17920K, used 480K [0x00000000eab00000, 0x00000000ebd80000, 0x0000000100000000)
  eden space 16384K, 0% used [0x00000000eab00000,0x00000000eab00000,0x00000000ebb00000)
  from space 1536K, 31% used [0x00000000ebb00000,0x00000000ebb78020,0x00000000ebc80000)
  to   space 1024K, 0% used [0x00000000ebc80000,0x00000000ebc80000,0x00000000ebd80000)
 ParOldGen       total 68608K, used 53540K [0x00000000c0000000, 0x00000000c4300000, 0x00000000eab00000)
  object space 68608K, 78% used [0x00000000c0000000,0x00000000c34493a8,0x00000000c4300000)
 Metaspace       used 47540K, committed 48192K, reserved 1097728K
  class space    used 4608K, committed 4928K, reserved 1048576K
}
Event: 59.229 GC heap before
{Heap before GC invocations=62 (full 2):
 PSYoungGen      total 17920K, used 16864K [0x00000000eab00000, 0x00000000ebd80000, 0x0000000100000000)
  eden space 16384K, 100% used [0x00000000eab00000,0x00000000ebb00000,0x00000000ebb00000)
  from space 1536K, 31% used [0x00000000ebb00000,0x00000000ebb78020,0x00000000ebc80000)
  to   space 1024K, 0% used [0x00000000ebc80000,0x00000000ebc80000,0x00000000ebd80000)
 ParOldGen       total 68608K, used 53540K [0x00000000c0000000, 0x00000000c4300000, 0x00000000eab00000)
  object space 68608K, 78% used [0x00000000c0000000,0x00000000c34493a8,0x00000000c4300000)
 Metaspace       used 47541K, committed 48192K, reserved 1097728K
  class space    used 4608K, committed 4928K, reserved 1048576K
}
Event: 59.230 GC heap after
{Heap after GC invocations=62 (full 2):
 PSYoungGen      total 16896K, used 480K [0x00000000eab00000, 0x00000000ebd00000, 0x0000000100000000)
  eden space 16384K, 0% used [0x00000000eab00000,0x00000000eab00000,0x00000000ebb00000)
  from space 512K, 93% used [0x00000000ebc80000,0x00000000ebcf8000,0x00000000ebd00000)
  to   space 512K, 0% used [0x00000000ebc00000,0x00000000ebc00000,0x00000000ebc80000)
 ParOldGen       total 68608K, used 53844K [0x00000000c0000000, 0x00000000c4300000, 0x00000000eab00000)
  object space 68608K, 78% used [0x00000000c0000000,0x00000000c34953c8,0x00000000c4300000)
 Metaspace       used 47541K, committed 48192K, reserved 1097728K
  class space    used 4608K, committed 4928K, reserved 1048576K
}
Event: 59.340 GC heap before
{Heap before GC invocations=63 (full 2):
 PSYoungGen      total 16896K, used 16864K [0x00000000eab00000, 0x00000000ebd00000, 0x0000000100000000)
  eden space 16384K, 100% used [0x00000000eab00000,0x00000000ebb00000,0x00000000ebb00000)
  from space 512K, 93% used [0x00000000ebc80000,0x00000000ebcf8000,0x00000000ebd00000)
  to   space 512K, 0% used [0x00000000ebc00000,0x00000000ebc00000,0x00000000ebc80000)
 ParOldGen       total 68608K, used 53844K [0x00000000c0000000, 0x00000000c4300000, 0x00000000eab00000)
  object space 68608K, 78% used [0x00000000c0000000,0x00000000c34953c8,0x00000000c4300000)
 Metaspace       used 47592K, committed 48256K, reserved 1097728K
  class space    used 4608K, committed 4928K, reserved 1048576K
}
Event: 59.343 GC heap after
{Heap after GC invocations=63 (full 2):
 PSYoungGen      total 16896K, used 496K [0x00000000eab00000, 0x00000000ebd00000, 0x0000000100000000)
  eden space 16384K, 0% used [0x00000000eab00000,0x00000000eab00000,0x00000000ebb00000)
  from space 512K, 96% used [0x00000000ebc00000,0x00000000ebc7c010,0x00000000ebc80000)
  to   space 512K, 0% used [0x00000000ebc80000,0x00000000ebc80000,0x00000000ebd00000)
 ParOldGen       total 68608K, used 54248K [0x00000000c0000000, 0x00000000c4300000, 0x00000000eab00000)
  object space 68608K, 79% used [0x00000000c0000000,0x00000000c34fa3f8,0x00000000c4300000)
 Metaspace       used 47592K, committed 48256K, reserved 1097728K
  class space    used 4608K, committed 4928K, reserved 1048576K
}
Event: 59.474 GC heap before
{Heap before GC invocations=64 (full 2):
 PSYoungGen      total 16896K, used 16880K [0x00000000eab00000, 0x00000000ebd00000, 0x0000000100000000)
  eden space 16384K, 100% used [0x00000000eab00000,0x00000000ebb00000,0x00000000ebb00000)
  from space 512K, 96% used [0x00000000ebc00000,0x00000000ebc7c010,0x00000000ebc80000)
  to   space 512K, 0% used [0x00000000ebc80000,0x00000000ebc80000,0x00000000ebd00000)
 ParOldGen       total 68608K, used 54248K [0x00000000c0000000, 0x00000000c4300000, 0x00000000eab00000)
  object space 68608K, 79% used [0x00000000c0000000,0x00000000c34fa3f8,0x00000000c4300000)
 Metaspace       used 47599K, committed 48256K, reserved 1097728K
  class space    used 4608K, committed 4928K, reserved 1048576K
}
Event: 59.477 GC heap after
{Heap after GC invocations=64 (full 2):
 PSYoungGen      total 16896K, used 496K [0x00000000eab00000, 0x00000000ebe00000, 0x0000000100000000)
  eden space 16384K, 0% used [0x00000000eab00000,0x00000000eab00000,0x00000000ebb00000)
  from space 512K, 96% used [0x00000000ebc80000,0x00000000ebcfc010,0x00000000ebd00000)
  to   space 1536K, 0% used [0x00000000ebb00000,0x00000000ebb00000,0x00000000ebc80000)
 ParOldGen       total 68608K, used 55030K [0x00000000c0000000, 0x00000000c4300000, 0x00000000eab00000)
  object space 68608K, 80% used [0x00000000c0000000,0x00000000c35bd8c8,0x00000000c4300000)
 Metaspace       used 47599K, committed 48256K, reserved 1097728K
  class space    used 4608K, committed 4928K, reserved 1048576K
}
Event: 59.576 GC heap before
{Heap before GC invocations=65 (full 2):
 PSYoungGen      total 16896K, used 16880K [0x00000000eab00000, 0x00000000ebe00000, 0x0000000100000000)
  eden space 16384K, 100% used [0x00000000eab00000,0x00000000ebb00000,0x00000000ebb00000)
  from space 512K, 96% used [0x00000000ebc80000,0x00000000ebcfc010,0x00000000ebd00000)
  to   space 1536K, 0% used [0x00000000ebb00000,0x00000000ebb00000,0x00000000ebc80000)
 ParOldGen       total 68608K, used 55030K [0x00000000c0000000, 0x00000000c4300000, 0x00000000eab00000)
  object space 68608K, 80% used [0x00000000c0000000,0x00000000c35bd8c8,0x00000000c4300000)
 Metaspace       used 47599K, committed 48256K, reserved 1097728K
  class space    used 4608K, committed 4928K, reserved 1048576K
}
Event: 59.579 GC heap after
{Heap after GC invocations=65 (full 2):
 PSYoungGen      total 16896K, used 416K [0x00000000eab00000, 0x00000000ebd00000, 0x0000000100000000)
  eden space 16384K, 0% used [0x00000000eab00000,0x00000000eab00000,0x00000000ebb00000)
  from space 512K, 81% used [0x00000000ebb00000,0x00000000ebb68020,0x00000000ebb80000)
  to   space 1024K, 0% used [0x00000000ebc00000,0x00000000ebc00000,0x00000000ebd00000)
 ParOldGen       total 68608K, used 55534K [0x00000000c0000000, 0x00000000c4300000, 0x00000000eab00000)
  object space 68608K, 80% used [0x00000000c0000000,0x00000000c363b8d8,0x00000000c4300000)
 Metaspace       used 47599K, committed 48256K, reserved 1097728K
  class space    used 4608K, committed 4928K, reserved 1048576K
}
Event: 59.705 GC heap before
{Heap before GC invocations=66 (full 2):
 PSYoungGen      total 16896K, used 16800K [0x00000000eab00000, 0x00000000ebd00000, 0x0000000100000000)
  eden space 16384K, 100% used [0x00000000eab00000,0x00000000ebb00000,0x00000000ebb00000)
  from space 512K, 81% used [0x00000000ebb00000,0x00000000ebb68020,0x00000000ebb80000)
  to   space 1024K, 0% used [0x00000000ebc00000,0x00000000ebc00000,0x00000000ebd00000)
 ParOldGen       total 68608K, used 55534K [0x00000000c0000000, 0x00000000c4300000, 0x00000000eab00000)
  object space 68608K, 80% used [0x00000000c0000000,0x00000000c363b8d8,0x00000000c4300000)
 Metaspace       used 47601K, committed 48256K, reserved 1097728K
  class space    used 4608K, committed 4928K, reserved 1048576K
}
Event: 59.707 GC heap after
{Heap after GC invocations=66 (full 2):
 PSYoungGen      total 16896K, used 464K [0x00000000eab00000, 0x00000000ebc80000, 0x0000000100000000)
  eden space 16384K, 0% used [0x00000000eab00000,0x00000000eab00000,0x00000000ebb00000)
  from space 512K, 90% used [0x00000000ebc00000,0x00000000ebc74010,0x00000000ebc80000)
  to   space 512K, 0% used [0x00000000ebb00000,0x00000000ebb00000,0x00000000ebb80000)
 ParOldGen       total 68608K, used 55822K [0x00000000c0000000, 0x00000000c4300000, 0x00000000eab00000)
  object space 68608K, 81% used [0x00000000c0000000,0x00000000c36838f8,0x00000000c4300000)
 Metaspace       used 47601K, committed 48256K, reserved 1097728K
  class space    used 4608K, committed 4928K, reserved 1048576K
}
Event: 59.909 GC heap before
{Heap before GC invocations=67 (full 2):
 PSYoungGen      total 16896K, used 16848K [0x00000000eab00000, 0x00000000ebc80000, 0x0000000100000000)
  eden space 16384K, 100% used [0x00000000eab00000,0x00000000ebb00000,0x00000000ebb00000)
  from space 512K, 90% used [0x00000000ebc00000,0x00000000ebc74010,0x00000000ebc80000)
  to   space 512K, 0% used [0x00000000ebb00000,0x00000000ebb00000,0x00000000ebb80000)
 ParOldGen       total 68608K, used 55822K [0x00000000c0000000, 0x00000000c4300000, 0x00000000eab00000)
  object space 68608K, 81% used [0x00000000c0000000,0x00000000c36838f8,0x00000000c4300000)
 Metaspace       used 47824K, committed 48512K, reserved 1097728K
  class space    used 4630K, committed 4928K, reserved 1048576K
}
Event: 59.911 GC heap after
{Heap after GC invocations=67 (full 2):
 PSYoungGen      total 16896K, used 512K [0x00000000eab00000, 0x00000000ebc80000, 0x0000000100000000)
  eden space 16384K, 0% used [0x00000000eab00000,0x00000000eab00000,0x00000000ebb00000)
  from space 512K, 100% used [0x00000000ebb00000,0x00000000ebb80000,0x00000000ebb80000)
  to   space 512K, 0% used [0x00000000ebc00000,0x00000000ebc00000,0x00000000ebc80000)
 ParOldGen       total 68608K, used 56398K [0x00000000c0000000, 0x00000000c4300000, 0x00000000eab00000)
  object space 68608K, 82% used [0x00000000c0000000,0x00000000c3713938,0x00000000c4300000)
 Metaspace       used 47824K, committed 48512K, reserved 1097728K
  class space    used 4630K, committed 4928K, reserved 1048576K
}
Event: 59.963 GC heap before
{Heap before GC invocations=68 (full 2):
 PSYoungGen      total 16896K, used 16896K [0x00000000eab00000, 0x00000000ebc80000, 0x0000000100000000)
  eden space 16384K, 100% used [0x00000000eab00000,0x00000000ebb00000,0x00000000ebb00000)
  from space 512K, 100% used [0x00000000ebb00000,0x00000000ebb80000,0x00000000ebb80000)
  to   space 512K, 0% used [0x00000000ebc00000,0x00000000ebc00000,0x00000000ebc80000)
 ParOldGen       total 68608K, used 56398K [0x00000000c0000000, 0x00000000c4300000, 0x00000000eab00000)
  object space 68608K, 82% used [0x00000000c0000000,0x00000000c3713938,0x00000000c4300000)
 Metaspace       used 47824K, committed 48512K, reserved 1097728K
  class space    used 4630K, committed 4928K, reserved 1048576K
}
Event: 59.965 GC heap after
{Heap after GC invocations=68 (full 2):
 PSYoungGen      total 16896K, used 480K [0x00000000eab00000, 0x00000000ebd00000, 0x0000000100000000)
  eden space 16384K, 0% used [0x00000000eab00000,0x00000000eab00000,0x00000000ebb00000)
  from space 512K, 93% used [0x00000000ebc00000,0x00000000ebc78020,0x00000000ebc80000)
  to   space 1024K, 0% used [0x00000000ebb00000,0x00000000ebb00000,0x00000000ebc00000)
 ParOldGen       total 68608K, used 56937K [0x00000000c0000000, 0x00000000c4300000, 0x00000000eab00000)
  object space 68608K, 82% used [0x00000000c0000000,0x00000000c379a558,0x00000000c4300000)
 Metaspace       used 47824K, committed 48512K, reserved 1097728K
  class space    used 4630K, committed 4928K, reserved 1048576K
}
Event: 60.039 GC heap before
{Heap before GC invocations=69 (full 2):
 PSYoungGen      total 16896K, used 16864K [0x00000000eab00000, 0x00000000ebd00000, 0x0000000100000000)
  eden space 16384K, 100% used [0x00000000eab00000,0x00000000ebb00000,0x00000000ebb00000)
  from space 512K, 93% used [0x00000000ebc00000,0x00000000ebc78020,0x00000000ebc80000)
  to   space 1024K, 0% used [0x00000000ebb00000,0x00000000ebb00000,0x00000000ebc00000)
 ParOldGen       total 68608K, used 56937K [0x00000000c0000000, 0x00000000c4300000, 0x00000000eab00000)
  object space 68608K, 82% used [0x00000000c0000000,0x00000000c379a558,0x00000000c4300000)
 Metaspace       used 47828K, committed 48512K, reserved 1097728K
  class space    used 4630K, committed 4928K, reserved 1048576K
}
Event: 60.042 GC heap after
{Heap after GC invocations=69 (full 2):
 PSYoungGen      total 17408K, used 512K [0x00000000eab00000, 0x00000000ebd00000, 0x0000000100000000)
  eden space 16384K, 0% used [0x00000000eab00000,0x00000000eab00000,0x00000000ebb00000)
  from space 1024K, 50% used [0x00000000ebb00000,0x00000000ebb80020,0x00000000ebc00000)
  to   space 1024K, 0% used [0x00000000ebc00000,0x00000000ebc00000,0x00000000ebd00000)
 ParOldGen       total 68608K, used 57201K [0x00000000c0000000, 0x00000000c4300000, 0x00000000eab00000)
  object space 68608K, 83% used [0x00000000c0000000,0x00000000c37dc558,0x00000000c4300000)
 Metaspace       used 47828K, committed 48512K, reserved 1097728K
  class space    used 4630K, committed 4928K, reserved 1048576K
}

